<?xml version="1.0" encoding="UTF-8"?>
<testng-results ignored="0" total="1" passed="1" failed="0" skipped="0">
  <reporter-output>
  </reporter-output>
  <suite started-at="2020-07-17T04:29:13Z" name="Default suite" finished-at="2020-07-17T04:29:48Z" duration-ms="34352">
    <groups>
    </groups>
    <test started-at="2020-07-17T04:29:13Z" name="Default test" finished-at="2020-07-17T04:29:48Z" duration-ms="34352">
      <class name="wwsession.wwAutomation">
        <test-method signature="launchWebsite()[pri:1, instance:wwsession.wwAutomation@279fedbd]" started-at="2020-07-17T04:29:13Z" name="launchWebsite" finished-at="2020-07-17T04:29:48Z" duration-ms="34287" status="PASS">
          <reporter-output>
          </reporter-output>
        </test-method> <!-- launchWebsite -->
      </class> <!-- wwsession.wwAutomation -->
    </test> <!-- Default test -->
  </suite> <!-- Default suite -->
</testng-results>
